<?xml version="1.0" encoding="UTF-8"?>
<testng-results ignored="0" total="1" passed="1" failed="0" skipped="0">
  <reporter-output>
  </reporter-output>
  <suite started-at="2022-11-24T15:28:34 IST" name="Default suite" finished-at="2022-11-24T15:28:43 IST" duration-ms="9048">
    <groups>
    </groups>
    <test started-at="2022-11-24T15:28:34 IST" name="Default test" finished-at="2022-11-24T15:28:43 IST" duration-ms="9048">
      <class name="day5.FileUpload">
        <test-method signature="test()[pri:0, instance:day5.FileUpload@741a8937]" started-at="2022-11-24T15:28:34 IST" name="test" finished-at="2022-11-24T15:28:43 IST" duration-ms="9022" status="PASS">
          <reporter-output>
          </reporter-output>
        </test-method> <!-- test -->
      </class> <!-- day5.FileUpload -->
    </test> <!-- Default test -->
  </suite> <!-- Default suite -->
</testng-results>
